<?xml version="1.0" encoding="UTF-8"?>
<testng-results skipped="0" failed="0" ignored="0" total="1" passed="1">
  <reporter-output>
  </reporter-output>
  <suite name="Default suite" duration-ms="65460" started-at="2019-05-27T21:02:53Z" finished-at="2019-05-27T21:03:58Z">
    <groups>
    </groups>
    <test name="Default test" duration-ms="65460" started-at="2019-05-27T21:02:53Z" finished-at="2019-05-27T21:03:58Z">
      <class name="com.saal.challenge.WebTest">
        <test-method status="PASS" signature="setUp()[pri:0, instance:com.saal.challenge.WebTest@71d44a3]" name="setUp" is-config="true" duration-ms="12373" started-at="2019-05-27T21:02:53Z" finished-at="2019-05-27T21:03:05Z">
          <reporter-output>
          </reporter-output>
        </test-method> <!-- setUp -->
        <test-method status="PASS" signature="checkoutTest()[pri:0, instance:com.saal.challenge.WebTest@71d44a3]" name="checkoutTest" duration-ms="52183" started-at="2019-05-27T21:03:05Z" finished-at="2019-05-27T21:03:58Z">
          <reporter-output>
          </reporter-output>
        </test-method> <!-- checkoutTest -->
        <test-method status="PASS" signature="tearDown(org.testng.ITestResult)[pri:0, instance:com.saal.challenge.WebTest@71d44a3]" name="tearDown" is-config="true" duration-ms="886" started-at="2019-05-27T21:03:58Z" finished-at="2019-05-27T21:03:58Z">
          <params>
            <param index="0">
              <value>
                <![CDATA[[TestResult name=checkoutTest status=SUCCESS method=WebTest.checkoutTest()[pri:0, instance:com.saal.challenge.WebTest@71d44a3] output={null}]]]>
              </value>
            </param>
          </params>
          <reporter-output>
          </reporter-output>
        </test-method> <!-- tearDown -->
      </class> <!-- com.saal.challenge.WebTest -->
    </test> <!-- Default test -->
  </suite> <!-- Default suite -->
</testng-results>
